<?xml version="1.0" encoding="UTF-8"?>
<!-- Generated by org.testng.reporters.JUnitReportReporter -->
<testsuite hostname="Kardelen" failures="0" tests="1" name="com.runner.PBLogoutRunner" time="0.150" errors="0" timestamp="23 Oct 2024 14:01:34 GMT" skipped="0">
  <testcase classname="com.runner.PBLogoutRunner" name="runScenario" time="0.150"/>
</testsuite> <!-- com.runner.PBLogoutRunner -->
