<?xml version="1.0" encoding="UTF-8"?>
<!-- Generated by org.testng.reporters.JUnitReportReporter -->
<testsuite hostname="Kardelen" failures="0" tests="3" name="com.runner.RunnerAllFeatures" time="0.166" errors="0" timestamp="25 Oct 2024 02:36:55 GMT" skipped="0">
  <testcase classname="com.runner.RunnerAllFeatures" name="runScenario" time="0.017"/>
  <testcase classname="com.runner.RunnerAllFeatures" name="runScenario" time="0.011"/>
  <testcase classname="com.runner.RunnerAllFeatures" name="runScenario" time="0.138"/>
</testsuite> <!-- com.runner.RunnerAllFeatures -->
